Arguments: 
  C:\Program Files\nodejs\node.exe C:\Users\TOWER\AppData\Roaming\npm\node_modules\yarn\bin\yarn.js init

PATH: 
  C:\Users\TOWER\bin;C:\Program Files\Git\mingw64\bin;C:\Program Files\Git\usr\local\bin;C:\Program Files\Git\usr\bin;C:\Program Files\Git\usr\bin;C:\Program Files\Git\mingw64\bin;C:\Program Files\Git\usr\bin;C:\Users\TOWER\bin;C:\Python27;C:\Python27\Scripts;C:\Windows\system32;C:\Windows;C:\Windows\System32\Wbem;C:\Windows\System32\WindowsPowerShell\v1.0;C:\Program Files (x86)\GtkSharp\2.12\bin;C:\Program Files\Calibre2;C:\Program Files (x86)\Livestreamer;C:\Program Files (x86)\Skype\Phone;C:\Program Files (x86)\NVIDIA Corporation\PhysX\Common;C:\Program Files\nodejs;C:\Program Files\CMake\bin;C:\Program Files\MongoDB\Server\3.6\bin;C:\Users\TOWER\AppData\Roaming\npm;C:\Program Files\Microsoft VS Code;C:\OpenSSL-Win64\bin;C:\Program Files\Microsoft VS Code\bin ;C:\Program Files\Git\usr\bin\vendor_perl;C:\Program Files\Git\usr\bin\core_perl

Yarn version: 
  1.6.0

Node version: 
  8.9.4

Platform: 
  win32 x64

Trace: 
  Error: Can't answer a question unless a user TTY
      at ConsoleReporter.question (C:\Users\TOWER\AppData\Roaming\npm\node_modules\yarn\lib\cli.js:93239:59)
      at Object.<anonymous> (C:\Users\TOWER\AppData\Roaming\npm\node_modules\yarn\lib\cli.js:86193:38)
      at Generator.next (<anonymous>)
      at step (C:\Users\TOWER\AppData\Roaming\npm\node_modules\yarn\lib\cli.js:98:30)
      at C:\Users\TOWER\AppData\Roaming\npm\node_modules\yarn\lib\cli.js:109:13
      at <anonymous>
      at process._tickCallback (internal/process/next_tick.js:188:7)

npm manifest: 
  {
    "name": "LS-Testing-Mini",
    "version": "1.0.0",
    "description": "",
    "main": "index.js",
    "scripts": {
      "test": "mocha -R nyan tests --watch "
    },
    "keywords": [],
    "author": "",
    "license": "ISC",
    "devDependencies": {
      "chai": "^4.1.1",
      "mocha": "^4.0.1",
      "sinon": "^4.1.2",
      "sinon-chai": "^2.12.0"
    }
  }

yarn manifest: 
  No manifest

Lockfile: 
  No lockfile
